<?xml version="1.0" encoding="UTF-8"?>
<testng-results ignored="0" total="1" passed="1" failed="0" skipped="0">
  <reporter-output>
  </reporter-output>
  <suite started-at="2025-03-21T11:05:24 EET" name="Default suite" finished-at="2025-03-21T11:05:33 EET" duration-ms="8649">
    <groups>
    </groups>
    <test started-at="2025-03-21T11:05:24 EET" name="Default test" finished-at="2025-03-21T11:05:33 EET" duration-ms="8649">
      <class name="tests.EditMyInfo">
        <test-method is-config="true" signature="setUp()[pri:0, instance:tests.EditMyInfo@12bd8a64]" started-at="2025-03-21T11:05:24 EET" name="setUp" finished-at="2025-03-21T11:05:29 EET" duration-ms="4666" status="PASS">
          <reporter-output>
          </reporter-output>
        </test-method> <!-- setUp -->
        <test-method signature="testEditMyInfo()[pri:0, instance:tests.EditMyInfo@12bd8a64]" started-at="2025-03-21T11:05:29 EET" name="testEditMyInfo" description="Verify that a user can successfully edit personal info" finished-at="2025-03-21T11:05:32 EET" duration-ms="3840" status="PASS">
          <reporter-output>
          </reporter-output>
        </test-method> <!-- testEditMyInfo -->
        <test-method is-config="true" signature="tearDown()[pri:0, instance:tests.EditMyInfo@12bd8a64]" started-at="2025-03-21T11:05:32 EET" name="tearDown" finished-at="2025-03-21T11:05:32 EET" duration-ms="1" status="PASS">
          <reporter-output>
          </reporter-output>
        </test-method> <!-- tearDown -->
      </class> <!-- tests.EditMyInfo -->
    </test> <!-- Default test -->
  </suite> <!-- Default suite -->
</testng-results>
